0 info it worked if it ends with ok
1 verbose cli [ 'C:\\Program Files\\nodejs\\node.exe',
1 verbose cli   'C:\\Program Files\\nodejs\\node_modules\\npm\\bin\\npm-cli.js',
1 verbose cli   'start' ]
2 info using npm@3.6.0
3 info using node@v5.6.0
4 verbose run-script [ 'prestart', 'start', 'poststart' ]
5 info lifecycle weyerhaeuser-sfs-js-dev-environment@1.0.0~prestart: weyerhaeuser-sfs-js-dev-environment@1.0.0
6 verbose lifecycle weyerhaeuser-sfs-js-dev-environment@1.0.0~prestart: unsafe-perm in lifecycle true
7 verbose lifecycle weyerhaeuser-sfs-js-dev-environment@1.0.0~prestart: PATH: C:\Users\Steffenz\AppData\Roaming\nvm\v5.6.0\node_modules\npm\bin\node-gyp-bin;C:\SFSDev\SFS_JS_StarterKit\node_modules\.bin;C:\Users\Steffenz\DOCUME~1\MobaXterm\slash\bin;C:\WINDOWS;C:\WINDOWS\system32;C:\Program Files (x86)\Common Files\Oracle\Java\javapath;C:\ProgramData\Oracle\Java\javapath;C:\WINDOWS\system32;C:\WINDOWS;C:\WINDOWS\System32\Wbem;C:\WINDOWS\System32\WindowsPowerShell\v1.0;C:\Program Files\dotnet;C:\Program Files\Microsoft SQL Server\130\Tools\Binn;C:\Program Files\Microsoft DNX\Dnvm;C:\Program Files\Microsoft SQL Server\120\Tools\Binn;C:\Program Files (x86)\Windows Kits\8.1\Windows Performance Toolkit;C:\Program Files\Microsoft SQL Server\110\Tools\Binn;C:\Program Files (x86)\Microsoft SDKs\TypeScript\1.0;C:\Program Files\Microsoft SQL Server\Client SDK\ODBC\130\Tools\Binn;C:\Program Files (x86)\Microsoft SQL Server\130\Tools\Binn;C:\Program Files\Microsoft SQL Server\130\DTS\Binn;C:\Program Files\Git\cmd;C:\Program Files\Perforce\Surround SCM;C:\Program Files\Perforce\Surround SCM\64BitLibs;C:\Program Files (x86)\Microsoft SQL Server\Client SDK\ODBC\130\Tools\Binn;C:\Program Files (x86)\Microsoft SQL Server\140\Tools\Binn;C:\Program Files (x86)\Microsoft SQL Server\140\DTS\Binn;C:\Program Files (x86)\Microsoft SQL Server\140\Tools\Binn\ManagementStudio;C:\Program Files (x86)\Plantronics\Spokes3G;C:\Users\Steffenz\AppData\Roaming\nvm;C:\Program Files\nodejs;C:\Users\Steffenz\AppData\Local\Microsoft\WindowsApps;C:\Users\Steffenz\AppData\Local\atom\bin;C:\Program Files\Microsoft VS Code\bin;C:\Users\Steffenz\AppData\Roaming\nvm;C:\Program Files\nodejs
8 verbose lifecycle weyerhaeuser-sfs-js-dev-environment@1.0.0~prestart: CWD: C:\SFSDev\SFS_JS_StarterKit
9 silly lifecycle weyerhaeuser-sfs-js-dev-environment@1.0.0~prestart: Args: [ '/d /s /c', 'babel-node buildScripts/startMessage.js' ]
10 silly lifecycle weyerhaeuser-sfs-js-dev-environment@1.0.0~prestart: Returned: code: 0  signal: null
11 info lifecycle weyerhaeuser-sfs-js-dev-environment@1.0.0~start: weyerhaeuser-sfs-js-dev-environment@1.0.0
12 verbose lifecycle weyerhaeuser-sfs-js-dev-environment@1.0.0~start: unsafe-perm in lifecycle true
13 verbose lifecycle weyerhaeuser-sfs-js-dev-environment@1.0.0~start: PATH: C:\Users\Steffenz\AppData\Roaming\nvm\v5.6.0\node_modules\npm\bin\node-gyp-bin;C:\SFSDev\SFS_JS_StarterKit\node_modules\.bin;C:\Users\Steffenz\DOCUME~1\MobaXterm\slash\bin;C:\WINDOWS;C:\WINDOWS\system32;C:\Program Files (x86)\Common Files\Oracle\Java\javapath;C:\ProgramData\Oracle\Java\javapath;C:\WINDOWS\system32;C:\WINDOWS;C:\WINDOWS\System32\Wbem;C:\WINDOWS\System32\WindowsPowerShell\v1.0;C:\Program Files\dotnet;C:\Program Files\Microsoft SQL Server\130\Tools\Binn;C:\Program Files\Microsoft DNX\Dnvm;C:\Program Files\Microsoft SQL Server\120\Tools\Binn;C:\Program Files (x86)\Windows Kits\8.1\Windows Performance Toolkit;C:\Program Files\Microsoft SQL Server\110\Tools\Binn;C:\Program Files (x86)\Microsoft SDKs\TypeScript\1.0;C:\Program Files\Microsoft SQL Server\Client SDK\ODBC\130\Tools\Binn;C:\Program Files (x86)\Microsoft SQL Server\130\Tools\Binn;C:\Program Files\Microsoft SQL Server\130\DTS\Binn;C:\Program Files\Git\cmd;C:\Program Files\Perforce\Surround SCM;C:\Program Files\Perforce\Surround SCM\64BitLibs;C:\Program Files (x86)\Microsoft SQL Server\Client SDK\ODBC\130\Tools\Binn;C:\Program Files (x86)\Microsoft SQL Server\140\Tools\Binn;C:\Program Files (x86)\Microsoft SQL Server\140\DTS\Binn;C:\Program Files (x86)\Microsoft SQL Server\140\Tools\Binn\ManagementStudio;C:\Program Files (x86)\Plantronics\Spokes3G;C:\Users\Steffenz\AppData\Roaming\nvm;C:\Program Files\nodejs;C:\Users\Steffenz\AppData\Local\Microsoft\WindowsApps;C:\Users\Steffenz\AppData\Local\atom\bin;C:\Program Files\Microsoft VS Code\bin;C:\Users\Steffenz\AppData\Roaming\nvm;C:\Program Files\nodejs
14 verbose lifecycle weyerhaeuser-sfs-js-dev-environment@1.0.0~start: CWD: C:\SFSDev\SFS_JS_StarterKit
15 silly lifecycle weyerhaeuser-sfs-js-dev-environment@1.0.0~start: Args: [ '/d /s /c',
15 silly lifecycle   'npm-run-all --parallel security-check open:src lint:watch test:watch' ]
16 silly lifecycle weyerhaeuser-sfs-js-dev-environment@1.0.0~start: Returned: code: 1  signal: null
17 info lifecycle weyerhaeuser-sfs-js-dev-environment@1.0.0~start: Failed to exec start script
18 verbose stack Error: weyerhaeuser-sfs-js-dev-environment@1.0.0 start: `npm-run-all --parallel security-check open:src lint:watch test:watch`
18 verbose stack Exit status 1
18 verbose stack     at EventEmitter.<anonymous> (C:\Users\Steffenz\AppData\Roaming\nvm\v5.6.0\node_modules\npm\lib\utils\lifecycle.js:232:16)
18 verbose stack     at emitTwo (events.js:100:13)
18 verbose stack     at EventEmitter.emit (events.js:185:7)
18 verbose stack     at ChildProcess.<anonymous> (C:\Users\Steffenz\AppData\Roaming\nvm\v5.6.0\node_modules\npm\lib\utils\spawn.js:24:14)
18 verbose stack     at emitTwo (events.js:100:13)
18 verbose stack     at ChildProcess.emit (events.js:185:7)
18 verbose stack     at maybeClose (internal/child_process.js:827:16)
18 verbose stack     at Process.ChildProcess._handle.onexit (internal/child_process.js:211:5)
19 verbose pkgid weyerhaeuser-sfs-js-dev-environment@1.0.0
20 verbose cwd C:\SFSDev\SFS_JS_StarterKit
21 error Windows_NT 10.0.15063
22 error argv "C:\\Program Files\\nodejs\\node.exe" "C:\\Program Files\\nodejs\\node_modules\\npm\\bin\\npm-cli.js" "start"
23 error node v5.6.0
24 error npm  v3.6.0
25 error code ELIFECYCLE
26 error weyerhaeuser-sfs-js-dev-environment@1.0.0 start: `npm-run-all --parallel security-check open:src lint:watch test:watch`
26 error Exit status 1
27 error Failed at the weyerhaeuser-sfs-js-dev-environment@1.0.0 start script 'npm-run-all --parallel security-check open:src lint:watch test:watch'.
27 error Make sure you have the latest version of node.js and npm installed.
27 error If you do, this is most likely a problem with the weyerhaeuser-sfs-js-dev-environment package,
27 error not with npm itself.
27 error Tell the author that this fails on your system:
27 error     npm-run-all --parallel security-check open:src lint:watch test:watch
27 error You can get information on how to open an issue for this project with:
27 error     npm bugs weyerhaeuser-sfs-js-dev-environment
27 error Or if that isn't available, you can get their info via:
27 error     npm owner ls weyerhaeuser-sfs-js-dev-environment
27 error There is likely additional logging output above.
28 verbose exit [ 1, true ]
